D:\DOCUMENTS\VISUAL STUDIO 2010\PROJECTS\TRAKE\RELEASE\TRAKE.EXE
D:\DOCUMENTS\VISUAL STUDIO 2010\PROJECTS\TRAKE\RELEASE\TRAKE.PDB
D:\DOCUMENTS\VISUAL STUDIO 2010\PROJECTS\TRAKE\TRAKE\RELEASE\AI.OBJ
D:\Documents\Visual Studio 2010\Projects\Trake\Trake\Release\cl.command.1.tlog
D:\Documents\Visual Studio 2010\Projects\Trake\Trake\Release\CL.read.1.tlog
D:\Documents\Visual Studio 2010\Projects\Trake\Trake\Release\CL.write.1.tlog
D:\DOCUMENTS\VISUAL STUDIO 2010\PROJECTS\TRAKE\TRAKE\RELEASE\COLLISION_TABLE.OBJ
D:\DOCUMENTS\VISUAL STUDIO 2010\PROJECTS\TRAKE\TRAKE\RELEASE\CONTROLS.OBJ
D:\DOCUMENTS\VISUAL STUDIO 2010\PROJECTS\TRAKE\TRAKE\RELEASE\GAME.OBJ
D:\DOCUMENTS\VISUAL STUDIO 2010\PROJECTS\TRAKE\TRAKE\RELEASE\INPUT.OBJ
D:\Documents\Visual Studio 2010\Projects\Trake\Trake\Release\link.command.1.tlog
D:\Documents\Visual Studio 2010\Projects\Trake\Trake\Release\link.read.1.tlog
D:\Documents\Visual Studio 2010\Projects\Trake\Trake\Release\link.write.1.tlog
D:\Documents\Visual Studio 2010\Projects\Trake\Trake\Release\link-cvtres.read.1.tlog
D:\Documents\Visual Studio 2010\Projects\Trake\Trake\Release\link-cvtres.write.1.tlog
D:\DOCUMENTS\VISUAL STUDIO 2010\PROJECTS\TRAKE\TRAKE\RELEASE\MAIN.OBJ
D:\DOCUMENTS\VISUAL STUDIO 2010\PROJECTS\TRAKE\TRAKE\RELEASE\MENU.OBJ
D:\Documents\Visual Studio 2010\Projects\Trake\Trake\Release\mt.command.1.tlog
D:\Documents\Visual Studio 2010\Projects\Trake\Trake\Release\mt.read.1.tlog
D:\Documents\Visual Studio 2010\Projects\Trake\Trake\Release\mt.write.1.tlog
D:\DOCUMENTS\VISUAL STUDIO 2010\PROJECTS\TRAKE\TRAKE\RELEASE\MUSIC.OBJ
D:\DOCUMENTS\VISUAL STUDIO 2010\PROJECTS\TRAKE\TRAKE\RELEASE\PAUSE_MENU.OBJ
D:\DOCUMENTS\VISUAL STUDIO 2010\PROJECTS\TRAKE\TRAKE\RELEASE\PELLET.OBJ
D:\Documents\Visual Studio 2010\Projects\Trake\Trake\Release\rc.command.1.tlog
D:\Documents\Visual Studio 2010\Projects\Trake\Trake\Release\rc.read.1.tlog
D:\Documents\Visual Studio 2010\Projects\Trake\Trake\Release\rc.write.1.tlog
D:\DOCUMENTS\VISUAL STUDIO 2010\PROJECTS\TRAKE\TRAKE\RELEASE\SAVE_FILE_MANAGER.OBJ
D:\DOCUMENTS\VISUAL STUDIO 2010\PROJECTS\TRAKE\TRAKE\RELEASE\SCOREBOARD.OBJ
D:\DOCUMENTS\VISUAL STUDIO 2010\PROJECTS\TRAKE\TRAKE\RELEASE\SIMPLE_RECTANGLE.OBJ
D:\DOCUMENTS\VISUAL STUDIO 2010\PROJECTS\TRAKE\TRAKE\RELEASE\SNAKE.OBJ
D:\DOCUMENTS\VISUAL STUDIO 2010\PROJECTS\TRAKE\TRAKE\RELEASE\SNAKE_PIECE.OBJ
D:\DOCUMENTS\VISUAL STUDIO 2010\PROJECTS\TRAKE\TRAKE\RELEASE\TRAKE.EXE.INTERMEDIATE.MANIFEST
D:\DOCUMENTS\VISUAL STUDIO 2010\PROJECTS\TRAKE\TRAKE\RELEASE\TRAKE.RES
D:\Documents\Visual Studio 2010\Projects\Trake\Trake\Release\Trake.vcxprojResolveAssemblyReference.cache
D:\Documents\Visual Studio 2010\Projects\Trake\Trake\Release\Trake.write.1.tlog
D:\DOCUMENTS\VISUAL STUDIO 2010\PROJECTS\TRAKE\TRAKE\RELEASE\VC100.PDB
