system   D            wsystem.c:583  maybe_parent_dir                 [   0.00025] Also searching d:\documents\visual studio 2010\Projects\Trake\
system   D            wsystem.c:633  _al_win_safe_load_library        [   0.00042] PathFindOnPath found: C:\Windows\system32\d3d9.dll
system   D            wsystem.c:544  load_library_at_path             [   0.00045] Calling LoadLibrary C:\Windows\system32\d3d9.dll
system   I            wsystem.c:547  load_library_at_path             [   0.00598] Loaded C:\Windows\system32\d3d9.dll
d3d      I         d3d_disp.cpp:696  _al_d3d_init_display             [   0.02221] Render-to-texture: 1
system   I             system.c:252  al_install_system                [   0.02225] Allegro version: 5.0.10
display  W   display_settings.c:654  _al_deduce_color_format          [   0.02234] Could not deduce color format, sizes = (0,0,0,0,0), shifts = (0,0,0,0)
display  W   display_settings.c:654  _al_deduce_color_format          [   0.02271] Could not deduce color format, sizes = (0,0,0,0,0), shifts = (0,0,0,0)
d3d      I         d3d_disp.cpp:1737 d3d_create_display_locked        [   0.02351] faux_fullscreen=0
d3d      D         d3d_disp.cpp:1738 d3d_create_display_locked        [   0.02352] al_display=000B5110
d3d      D         d3d_disp.cpp:1739 d3d_create_display_locked        [   0.02353] al_display->vt=000B5048
d3d      I d3d_display_formats.cpp:144  _al_d3d_generate_display_format_list [   0.02432] found 288 format combinations
display  D   display_settings.c:191  debug_display_settings           [   0.02434] color: 32 (rgba 8880), depth: 0, stencil: 0, acc: 0000, samples: 0/0
display  D   display_settings.c:227  _al_score_display_settings       [   0.02435] Vsync requirement not met.
display  D   display_settings.c:191  debug_display_settings           [   0.02436] color: 32 (rgba 8880), depth: 0, stencil: 0, acc: 0000, samples: 0/0
display  D   display_settings.c:227  _al_score_display_settings       [   0.02437] Vsync requirement not met.
display  D   display_settings.c:191  debug_display_settings           [   0.02438] color: 32 (rgba 8880), depth: 0, stencil: 0, acc: 0000, samples: 2/1
display  D   display_settings.c:227  _al_score_display_settings       [   0.02439] Vsync requirement not met.
display  D   display_settings.c:191  debug_display_settings           [   0.02440] color: 32 (rgba 8880), depth: 0, stencil: 0, acc: 0000, samples: 3/1
display  D   display_settings.c:227  _al_score_display_settings       [   0.02442] Vsync requirement not met.
display  D   display_settings.c:191  debug_display_settings           [   0.02443] color: 32 (rgba 8880), depth: 0, stencil: 0, acc: 0000, samples: 4/1
display  D   display_settings.c:227  _al_score_display_settings       [   0.02444] Vsync requirement not met.
display  D   display_settings.c:191  debug_display_settings           [   0.02445] color: 32 (rgba 8880), depth: 0, stencil: 0, acc: 0000, samples: 5/1
display  D   display_settings.c:227  _al_score_display_settings       [   0.02446] Vsync requirement not met.
display  D   display_settings.c:191  debug_display_settings           [   0.02447] color: 32 (rgba 8880), depth: 0, stencil: 0, acc: 0000, samples: 6/1
display  D   display_settings.c:227  _al_score_display_settings       [   0.02448] Vsync requirement not met.
display  D   display_settings.c:191  debug_display_settings           [   0.02449] color: 32 (rgba 8880), depth: 0, stencil: 0, acc: 0000, samples: 7/1
display  D   display_settings.c:227  _al_score_display_settings       [   0.02450] Vsync requirement not met.
display  D   display_settings.c:191  debug_display_settings           [   0.02451] color: 32 (rgba 8880), depth: 0, stencil: 0, acc: 0000, samples: 8/1
display  D   display_settings.c:227  _al_score_display_settings       [   0.02453] Vsync requirement not met.
display  D   display_settings.c:191  debug_display_settings           [   0.02454] color: 32 (rgba 8880), depth: 24, stencil: 8, acc: 0000, samples: 0/0
display  D   display_settings.c:227  _al_score_display_settings       [   0.02455] Vsync requirement not met.
display  D   display_settings.c:191  debug_display_settings           [   0.02458] color: 32 (rgba 8880), depth: 24, stencil: 8, acc: 0000, samples: 0/0
display  D   display_settings.c:227  _al_score_display_settings       [   0.02460] Vsync requirement not met.
display  D   display_settings.c:191  debug_display_settings           [   0.02461] color: 32 (rgba 8880), depth: 24, stencil: 8, acc: 0000, samples: 2/1
display  D   display_settings.c:227  _al_score_display_settings       [   0.02462] Vsync requirement not met.
display  D   display_settings.c:191  debug_display_settings           [   0.02463] color: 32 (rgba 8880), depth: 24, stencil: 8, acc: 0000, samples: 3/1
display  D   display_settings.c:227  _al_score_display_settings       [   0.02464] Vsync requirement not met.
display  D   display_settings.c:191  debug_display_settings           [   0.02465] color: 32 (rgba 8880), depth: 24, stencil: 8, acc: 0000, samples: 4/1
display  D   display_settings.c:227  _al_score_display_settings       [   0.02466] Vsync requirement not met.
display  D   display_settings.c:191  debug_display_settings           [   0.02467] color: 32 (rgba 8880), depth: 24, stencil: 8, acc: 0000, samples: 5/1
display  D   display_settings.c:227  _al_score_display_settings       [   0.02469] Vsync requirement not met.
display  D   display_settings.c:191  debug_display_settings           [   0.02470] color: 32 (rgba 8880), depth: 24, stencil: 8, acc: 0000, samples: 6/1
display  D   display_settings.c:227  _al_score_display_settings       [   0.02471] Vsync requirement not met.
display  D   display_settings.c:191  debug_display_settings           [   0.02472] color: 32 (rgba 8880), depth: 24, stencil: 8, acc: 0000, samples: 7/1
display  D   display_settings.c:227  _al_score_display_settings       [   0.02473] Vsync requirement not met.
display  D   display_settings.c:191  debug_display_settings           [   0.02474] color: 32 (rgba 8880), depth: 24, stencil: 8, acc: 0000, samples: 8/1
display  D   display_settings.c:227  _al_score_display_settings       [   0.02475] Vsync requirement not met.
display  D   display_settings.c:191  debug_display_settings           [   0.02476] color: 32 (rgba 8880), depth: 24, stencil: 0, acc: 0000, samples: 0/0
display  D   display_settings.c:227  _al_score_display_settings       [   0.02477] Vsync requirement not met.
display  D   display_settings.c:191  debug_display_settings           [   0.02478] color: 32 (rgba 8880), depth: 24, stencil: 0, acc: 0000, samples: 0/0
display  D   display_settings.c:227  _al_score_display_settings       [   0.02480] Vsync requirement not met.
display  D   display_settings.c:191  debug_display_settings           [   0.02481] color: 32 (rgba 8880), depth: 24, stencil: 0, acc: 0000, samples: 2/1
display  D   display_settings.c:227  _al_score_display_settings       [   0.02482] Vsync requirement not met.
display  D   display_settings.c:191  debug_display_settings           [   0.02483] color: 32 (rgba 8880), depth: 24, stencil: 0, acc: 0000, samples: 3/1
display  D   display_settings.c:227  _al_score_display_settings       [   0.02484] Vsync requirement not met.
display  D   display_settings.c:191  debug_display_settings           [   0.02485] color: 32 (rgba 8880), depth: 24, stencil: 0, acc: 0000, samples: 4/1
display  D   display_settings.c:227  _al_score_display_settings       [   0.02486] Vsync requirement not met.
display  D   display_settings.c:191  debug_display_settings           [   0.02487] color: 32 (rgba 8880), depth: 24, stencil: 0, acc: 0000, samples: 5/1
display  D   display_settings.c:227  _al_score_display_settings       [   0.02488] Vsync requirement not met.
display  D   display_settings.c:191  debug_display_settings           [   0.02489] color: 32 (rgba 8880), depth: 24, stencil: 0, acc: 0000, samples: 6/1
display  D   display_settings.c:227  _al_score_display_settings       [   0.02490] Vsync requirement not met.
display  D   display_settings.c:191  debug_display_settings           [   0.02491] color: 32 (rgba 8880), depth: 24, stencil: 0, acc: 0000, samples: 7/1
display  D   display_settings.c:227  _al_score_display_settings       [   0.02493] Vsync requirement not met.
display  D   display_settings.c:191  debug_display_settings           [   0.02494] color: 32 (rgba 8880), depth: 24, stencil: 0, acc: 0000, samples: 8/1
display  D   display_settings.c:227  _al_score_display_settings       [   0.02495] Vsync requirement not met.
display  D   display_settings.c:191  debug_display_settings           [   0.02496] color: 32 (rgba 8880), depth: 16, stencil: 0, acc: 0000, samples: 0/0
display  D   display_settings.c:227  _al_score_display_settings       [   0.02497] Vsync requirement not met.
display  D   display_settings.c:191  debug_display_settings           [   0.02498] color: 32 (rgba 8880), depth: 16, stencil: 0, acc: 0000, samples: 0/0
display  D   display_settings.c:227  _al_score_display_settings       [   0.02499] Vsync requirement not met.
display  D   display_settings.c:191  debug_display_settings           [   0.02500] color: 32 (rgba 8880), depth: 16, stencil: 0, acc: 0000, samples: 2/1
display  D   display_settings.c:227  _al_score_display_settings       [   0.02501] Vsync requirement not met.
display  D   display_settings.c:191  debug_display_settings           [   0.02502] color: 32 (rgba 8880), depth: 16, stencil: 0, acc: 0000, samples: 3/1
display  D   display_settings.c:227  _al_score_display_settings       [   0.02503] Vsync requirement not met.
display  D   display_settings.c:191  debug_display_settings           [   0.02504] color: 32 (rgba 8880), depth: 16, stencil: 0, acc: 0000, samples: 4/1
display  D   display_settings.c:227  _al_score_display_settings       [   0.02506] Vsync requirement not met.
display  D   display_settings.c:191  debug_display_settings           [   0.02507] color: 32 (rgba 8880), depth: 16, stencil: 0, acc: 0000, samples: 5/1
display  D   display_settings.c:227  _al_score_display_settings       [   0.02508] Vsync requirement not met.
display  D   display_settings.c:191  debug_display_settings           [   0.02509] color: 32 (rgba 8880), depth: 16, stencil: 0, acc: 0000, samples: 6/1
display  D   display_settings.c:227  _al_score_display_settings       [   0.02510] Vsync requirement not met.
display  D   display_settings.c:191  debug_display_settings           [   0.02511] color: 32 (rgba 8880), depth: 16, stencil: 0, acc: 0000, samples: 7/1
display  D   display_settings.c:227  _al_score_display_settings       [   0.02512] Vsync requirement not met.
display  D   display_settings.c:191  debug_display_settings           [   0.02513] color: 32 (rgba 8880), depth: 16, stencil: 0, acc: 0000, samples: 8/1
display  D   display_settings.c:227  _al_score_display_settings       [   0.02514] Vsync requirement not met.
display  D   display_settings.c:191  debug_display_settings           [   0.02515] color: 16 (rgba 5650), depth: 0, stencil: 0, acc: 0000, samples: 0/0
display  D   display_settings.c:227  _al_score_display_settings       [   0.02516] Vsync requirement not met.
display  D   display_settings.c:191  debug_display_settings           [   0.02517] color: 16 (rgba 5650), depth: 0, stencil: 0, acc: 0000, samples: 0/0
display  D   display_settings.c:227  _al_score_display_settings       [   0.02518] Vsync requirement not met.
display  D   display_settings.c:191  debug_display_settings           [   0.02519] color: 16 (rgba 5650), depth: 0, stencil: 0, acc: 0000, samples: 2/1
display  D   display_settings.c:227  _al_score_display_settings       [   0.02521] Vsync requirement not met.
display  D   display_settings.c:191  debug_display_settings           [   0.02521] color: 16 (rgba 5650), depth: 0, stencil: 0, acc: 0000, samples: 3/1
display  D   display_settings.c:227  _al_score_display_settings       [   0.02523] Vsync requirement not met.
display  D   display_settings.c:191  debug_display_settings           [   0.02524] color: 16 (rgba 5650), depth: 0, stencil: 0, acc: 0000, samples: 4/1
display  D   display_settings.c:227  _al_score_display_settings       [   0.02525] Vsync requirement not met.
display  D   display_settings.c:191  debug_display_settings           [   0.02526] color: 16 (rgba 5650), depth: 0, stencil: 0, acc: 0000, samples: 5/1
display  D   display_settings.c:227  _al_score_display_settings       [   0.02527] Vsync requirement not met.
display  D   display_settings.c:191  debug_display_settings           [   0.02528] color: 16 (rgba 5650), depth: 0, stencil: 0, acc: 0000, samples: 6/1
display  D   display_settings.c:227  _al_score_display_settings       [   0.02529] Vsync requirement not met.
display  D   display_settings.c:191  debug_display_settings           [   0.02530] color: 16 (rgba 5650), depth: 0, stencil: 0, acc: 0000, samples: 7/1
display  D   display_settings.c:227  _al_score_display_settings       [   0.02531] Vsync requirement not met.
display  D   display_settings.c:191  debug_display_settings           [   0.02532] color: 16 (rgba 5650), depth: 0, stencil: 0, acc: 0000, samples: 8/1
display  D   display_settings.c:227  _al_score_display_settings       [   0.02534] Vsync requirement not met.
display  D   display_settings.c:191  debug_display_settings           [   0.02534] color: 16 (rgba 5650), depth: 24, stencil: 8, acc: 0000, samples: 0/0
display  D   display_settings.c:227  _al_score_display_settings       [   0.02536] Vsync requirement not met.
display  D   display_settings.c:191  debug_display_settings           [   0.02537] color: 16 (rgba 5650), depth: 24, stencil: 8, acc: 0000, samples: 0/0
display  D   display_settings.c:227  _al_score_display_settings       [   0.02538] Vsync requirement not met.
display  D   display_settings.c:191  debug_display_settings           [   0.02539] color: 16 (rgba 5650), depth: 24, stencil: 8, acc: 0000, samples: 2/1
display  D   display_settings.c:227  _al_score_display_settings       [   0.02540] Vsync requirement not met.
display  D   display_settings.c:191  debug_display_settings           [   0.02541] color: 16 (rgba 5650), depth: 24, stencil: 8, acc: 0000, samples: 3/1
display  D   display_settings.c:227  _al_score_display_settings       [   0.02542] Vsync requirement not met.
display  D   display_settings.c:191  debug_display_settings           [   0.02543] color: 16 (rgba 5650), depth: 24, stencil: 8, acc: 0000, samples: 4/1
display  D   display_settings.c:227  _al_score_display_settings       [   0.02544] Vsync requirement not met.
display  D   display_settings.c:191  debug_display_settings           [   0.02545] color: 16 (rgba 5650), depth: 24, stencil: 8, acc: 0000, samples: 5/1
display  D   display_settings.c:227  _al_score_display_settings       [   0.02546] Vsync requirement not met.
display  D   display_settings.c:191  debug_display_settings           [   0.02547] color: 16 (rgba 5650), depth: 24, stencil: 8, acc: 0000, samples: 6/1
display  D   display_settings.c:227  _al_score_display_settings       [   0.02548] Vsync requirement not met.
display  D   display_settings.c:191  debug_display_settings           [   0.02549] color: 16 (rgba 5650), depth: 24, stencil: 8, acc: 0000, samples: 7/1
display  D   display_settings.c:227  _al_score_display_settings       [   0.02551] Vsync requirement not met.
display  D   display_settings.c:191  debug_display_settings           [   0.02552] color: 16 (rgba 5650), depth: 24, stencil: 8, acc: 0000, samples: 8/1
display  D   display_settings.c:227  _al_score_display_settings       [   0.02553] Vsync requirement not met.
display  D   display_settings.c:191  debug_display_settings           [   0.02554] color: 16 (rgba 5650), depth: 24, stencil: 0, acc: 0000, samples: 0/0
display  D   display_settings.c:227  _al_score_display_settings       [   0.02555] Vsync requirement not met.
display  D   display_settings.c:191  debug_display_settings           [   0.02556] color: 16 (rgba 5650), depth: 24, stencil: 0, acc: 0000, samples: 0/0
display  D   display_settings.c:227  _al_score_display_settings       [   0.02557] Vsync requirement not met.
display  D   display_settings.c:191  debug_display_settings           [   0.02558] color: 16 (rgba 5650), depth: 24, stencil: 0, acc: 0000, samples: 2/1
display  D   display_settings.c:227  _al_score_display_settings       [   0.02560] Vsync requirement not met.
display  D   display_settings.c:191  debug_display_settings           [   0.02562] color: 16 (rgba 5650), depth: 24, stencil: 0, acc: 0000, samples: 3/1
display  D   display_settings.c:227  _al_score_display_settings       [   0.02563] Vsync requirement not met.
display  D   display_settings.c:191  debug_display_settings           [   0.02564] color: 16 (rgba 5650), depth: 24, stencil: 0, acc: 0000, samples: 4/1
display  D   display_settings.c:227  _al_score_display_settings       [   0.02565] Vsync requirement not met.
display  D   display_settings.c:191  debug_display_settings           [   0.02566] color: 16 (rgba 5650), depth: 24, stencil: 0, acc: 0000, samples: 5/1
display  D   display_settings.c:227  _al_score_display_settings       [   0.02567] Vsync requirement not met.
display  D   display_settings.c:191  debug_display_settings           [   0.02568] color: 16 (rgba 5650), depth: 24, stencil: 0, acc: 0000, samples: 6/1
display  D   display_settings.c:227  _al_score_display_settings       [   0.02569] Vsync requirement not met.
display  D   display_settings.c:191  debug_display_settings           [   0.02570] color: 16 (rgba 5650), depth: 24, stencil: 0, acc: 0000, samples: 7/1
display  D   display_settings.c:227  _al_score_display_settings       [   0.02571] Vsync requirement not met.
display  D   display_settings.c:191  debug_display_settings           [   0.02572] color: 16 (rgba 5650), depth: 24, stencil: 0, acc: 0000, samples: 8/1
display  D   display_settings.c:227  _al_score_display_settings       [   0.02573] Vsync requirement not met.
display  D   display_settings.c:191  debug_display_settings           [   0.02574] color: 16 (rgba 5650), depth: 16, stencil: 0, acc: 0000, samples: 0/0
display  D   display_settings.c:227  _al_score_display_settings       [   0.02576] Vsync requirement not met.
display  D   display_settings.c:191  debug_display_settings           [   0.02577] color: 16 (rgba 5650), depth: 16, stencil: 0, acc: 0000, samples: 0/0
display  D   display_settings.c:227  _al_score_display_settings       [   0.02578] Vsync requirement not met.
display  D   display_settings.c:191  debug_display_settings           [   0.02579] color: 16 (rgba 5650), depth: 16, stencil: 0, acc: 0000, samples: 2/1
display  D   display_settings.c:227  _al_score_display_settings       [   0.02580] Vsync requirement not met.
display  D   display_settings.c:191  debug_display_settings           [   0.02581] color: 16 (rgba 5650), depth: 16, stencil: 0, acc: 0000, samples: 3/1
display  D   display_settings.c:227  _al_score_display_settings       [   0.02582] Vsync requirement not met.
display  D   display_settings.c:191  debug_display_settings           [   0.02583] color: 16 (rgba 5650), depth: 16, stencil: 0, acc: 0000, samples: 4/1
display  D   display_settings.c:227  _al_score_display_settings       [   0.02584] Vsync requirement not met.
display  D   display_settings.c:191  debug_display_settings           [   0.02585] color: 16 (rgba 5650), depth: 16, stencil: 0, acc: 0000, samples: 5/1
display  D   display_settings.c:227  _al_score_display_settings       [   0.02586] Vsync requirement not met.
display  D   display_settings.c:191  debug_display_settings           [   0.02587] color: 16 (rgba 5650), depth: 16, stencil: 0, acc: 0000, samples: 6/1
display  D   display_settings.c:227  _al_score_display_settings       [   0.02589] Vsync requirement not met.
display  D   display_settings.c:191  debug_display_settings           [   0.02590] color: 16 (rgba 5650), depth: 16, stencil: 0, acc: 0000, samples: 7/1
display  D   display_settings.c:227  _al_score_display_settings       [   0.02591] Vsync requirement not met.
display  D   display_settings.c:191  debug_display_settings           [   0.02592] color: 16 (rgba 5650), depth: 16, stencil: 0, acc: 0000, samples: 8/1
display  D   display_settings.c:227  _al_score_display_settings       [   0.02593] Vsync requirement not met.
display  D   display_settings.c:191  debug_display_settings           [   0.02594] color: 32 (rgba 8880), depth: 0, stencil: 0, acc: 0000, samples: 0/0
display  D   display_settings.c:227  _al_score_display_settings       [   0.02595] Vsync requirement not met.
display  D   display_settings.c:191  debug_display_settings           [   0.02596] color: 32 (rgba 8880), depth: 0, stencil: 0, acc: 0000, samples: 0/0
display  D   display_settings.c:227  _al_score_display_settings       [   0.02597] Vsync requirement not met.
display  D   display_settings.c:191  debug_display_settings           [   0.02598] color: 32 (rgba 8880), depth: 0, stencil: 0, acc: 0000, samples: 2/1
display  D   display_settings.c:227  _al_score_display_settings       [   0.02599] Vsync requirement not met.
display  D   display_settings.c:191  debug_display_settings           [   0.02600] color: 32 (rgba 8880), depth: 0, stencil: 0, acc: 0000, samples: 3/1
display  D   display_settings.c:227  _al_score_display_settings       [   0.02602] Vsync requirement not met.
display  D   display_settings.c:191  debug_display_settings           [   0.02603] color: 32 (rgba 8880), depth: 0, stencil: 0, acc: 0000, samples: 4/1
display  D   display_settings.c:227  _al_score_display_settings       [   0.02604] Vsync requirement not met.
display  D   display_settings.c:191  debug_display_settings           [   0.02605] color: 32 (rgba 8880), depth: 0, stencil: 0, acc: 0000, samples: 5/1
display  D   display_settings.c:227  _al_score_display_settings       [   0.02606] Vsync requirement not met.
display  D   display_settings.c:191  debug_display_settings           [   0.02607] color: 32 (rgba 8880), depth: 0, stencil: 0, acc: 0000, samples: 6/1
display  D   display_settings.c:227  _al_score_display_settings       [   0.02608] Vsync requirement not met.
display  D   display_settings.c:191  debug_display_settings           [   0.02609] color: 32 (rgba 8880), depth: 0, stencil: 0, acc: 0000, samples: 7/1
display  D   display_settings.c:227  _al_score_display_settings       [   0.02610] Vsync requirement not met.
display  D   display_settings.c:191  debug_display_settings           [   0.02611] color: 32 (rgba 8880), depth: 0, stencil: 0, acc: 0000, samples: 8/1
display  D   display_settings.c:227  _al_score_display_settings       [   0.02612] Vsync requirement not met.
display  D   display_settings.c:191  debug_display_settings           [   0.02613] color: 32 (rgba 8880), depth: 24, stencil: 8, acc: 0000, samples: 0/0
display  D   display_settings.c:227  _al_score_display_settings       [   0.02614] Vsync requirement not met.
display  D   display_settings.c:191  debug_display_settings           [   0.02615] color: 32 (rgba 8880), depth: 24, stencil: 8, acc: 0000, samples: 0/0
display  D   display_settings.c:227  _al_score_display_settings       [   0.02617] Vsync requirement not met.
display  D   display_settings.c:191  debug_display_settings           [   0.02618] color: 32 (rgba 8880), depth: 24, stencil: 8, acc: 0000, samples: 2/1
display  D   display_settings.c:227  _al_score_display_settings       [   0.02619] Vsync requirement not met.
display  D   display_settings.c:191  debug_display_settings           [   0.02620] color: 32 (rgba 8880), depth: 24, stencil: 8, acc: 0000, samples: 3/1
display  D   display_settings.c:227  _al_score_display_settings       [   0.02621] Vsync requirement not met.
display  D   display_settings.c:191  debug_display_settings           [   0.02622] color: 32 (rgba 8880), depth: 24, stencil: 8, acc: 0000, samples: 4/1
display  D   display_settings.c:227  _al_score_display_settings       [   0.02623] Vsync requirement not met.
display  D   display_settings.c:191  debug_display_settings           [   0.02624] color: 32 (rgba 8880), depth: 24, stencil: 8, acc: 0000, samples: 5/1
display  D   display_settings.c:227  _al_score_display_settings       [   0.02625] Vsync requirement not met.
display  D   display_settings.c:191  debug_display_settings           [   0.02626] color: 32 (rgba 8880), depth: 24, stencil: 8, acc: 0000, samples: 6/1
display  D   display_settings.c:227  _al_score_display_settings       [   0.02627] Vsync requirement not met.
display  D   display_settings.c:191  debug_display_settings           [   0.02628] color: 32 (rgba 8880), depth: 24, stencil: 8, acc: 0000, samples: 7/1
display  D   display_settings.c:227  _al_score_display_settings       [   0.02630] Vsync requirement not met.
display  D   display_settings.c:191  debug_display_settings           [   0.02631] color: 32 (rgba 8880), depth: 24, stencil: 8, acc: 0000, samples: 8/1
display  D   display_settings.c:227  _al_score_display_settings       [   0.02632] Vsync requirement not met.
display  D   display_settings.c:191  debug_display_settings           [   0.02633] color: 32 (rgba 8880), depth: 24, stencil: 0, acc: 0000, samples: 0/0
display  D   display_settings.c:227  _al_score_display_settings       [   0.02634] Vsync requirement not met.
display  D   display_settings.c:191  debug_display_settings           [   0.02635] color: 32 (rgba 8880), depth: 24, stencil: 0, acc: 0000, samples: 0/0
display  D   display_settings.c:227  _al_score_display_settings       [   0.02636] Vsync requirement not met.
display  D   display_settings.c:191  debug_display_settings           [   0.02637] color: 32 (rgba 8880), depth: 24, stencil: 0, acc: 0000, samples: 2/1
display  D   display_settings.c:227  _al_score_display_settings       [   0.02638] Vsync requirement not met.
display  D   display_settings.c:191  debug_display_settings           [   0.02639] color: 32 (rgba 8880), depth: 24, stencil: 0, acc: 0000, samples: 3/1
display  D   display_settings.c:227  _al_score_display_settings       [   0.02640] Vsync requirement not met.
display  D   display_settings.c:191  debug_display_settings           [   0.02641] color: 32 (rgba 8880), depth: 24, stencil: 0, acc: 0000, samples: 4/1
display  D   display_settings.c:227  _al_score_display_settings       [   0.02642] Vsync requirement not met.
display  D   display_settings.c:191  debug_display_settings           [   0.02643] color: 32 (rgba 8880), depth: 24, stencil: 0, acc: 0000, samples: 5/1
display  D   display_settings.c:227  _al_score_display_settings       [   0.02645] Vsync requirement not met.
display  D   display_settings.c:191  debug_display_settings           [   0.02646] color: 32 (rgba 8880), depth: 24, stencil: 0, acc: 0000, samples: 6/1
display  D   display_settings.c:227  _al_score_display_settings       [   0.02647] Vsync requirement not met.
display  D   display_settings.c:191  debug_display_settings           [   0.02648] color: 32 (rgba 8880), depth: 24, stencil: 0, acc: 0000, samples: 7/1
display  D   display_settings.c:227  _al_score_display_settings       [   0.02649] Vsync requirement not met.
display  D   display_settings.c:191  debug_display_settings           [   0.02650] color: 32 (rgba 8880), depth: 24, stencil: 0, acc: 0000, samples: 8/1
display  D   display_settings.c:227  _al_score_display_settings       [   0.02651] Vsync requirement not met.
display  D   display_settings.c:191  debug_display_settings           [   0.02652] color: 32 (rgba 8880), depth: 16, stencil: 0, acc: 0000, samples: 0/0
display  D   display_settings.c:227  _al_score_display_settings       [   0.02653] Vsync requirement not met.
display  D   display_settings.c:191  debug_display_settings           [   0.02654] color: 32 (rgba 8880), depth: 16, stencil: 0, acc: 0000, samples: 0/0
display  D   display_settings.c:227  _al_score_display_settings       [   0.02655] Vsync requirement not met.
display  D   display_settings.c:191  debug_display_settings           [   0.02656] color: 32 (rgba 8880), depth: 16, stencil: 0, acc: 0000, samples: 2/1
display  D   display_settings.c:227  _al_score_display_settings       [   0.02657] Vsync requirement not met.
display  D   display_settings.c:191  debug_display_settings           [   0.02658] color: 32 (rgba 8880), depth: 16, stencil: 0, acc: 0000, samples: 3/1
display  D   display_settings.c:227  _al_score_display_settings       [   0.02659] Vsync requirement not met.
display  D   display_settings.c:191  debug_display_settings           [   0.02660] color: 32 (rgba 8880), depth: 16, stencil: 0, acc: 0000, samples: 4/1
display  D   display_settings.c:227  _al_score_display_settings       [   0.02662] Vsync requirement not met.
display  D   display_settings.c:191  debug_display_settings           [   0.02663] color: 32 (rgba 8880), depth: 16, stencil: 0, acc: 0000, samples: 5/1
display  D   display_settings.c:227  _al_score_display_settings       [   0.02664] Vsync requirement not met.
display  D   display_settings.c:191  debug_display_settings           [   0.02665] color: 32 (rgba 8880), depth: 16, stencil: 0, acc: 0000, samples: 6/1
display  D   display_settings.c:227  _al_score_display_settings       [   0.02666] Vsync requirement not met.
display  D   display_settings.c:191  debug_display_settings           [   0.02667] color: 32 (rgba 8880), depth: 16, stencil: 0, acc: 0000, samples: 7/1
display  D   display_settings.c:227  _al_score_display_settings       [   0.02668] Vsync requirement not met.
display  D   display_settings.c:191  debug_display_settings           [   0.02669] color: 32 (rgba 8880), depth: 16, stencil: 0, acc: 0000, samples: 8/1
display  D   display_settings.c:227  _al_score_display_settings       [   0.02670] Vsync requirement not met.
display  D   display_settings.c:191  debug_display_settings           [   0.02671] color: 16 (rgba 5650), depth: 0, stencil: 0, acc: 0000, samples: 0/0
display  D   display_settings.c:227  _al_score_display_settings       [   0.02672] Vsync requirement not met.
display  D   display_settings.c:191  debug_display_settings           [   0.02673] color: 16 (rgba 5650), depth: 0, stencil: 0, acc: 0000, samples: 0/0
display  D   display_settings.c:227  _al_score_display_settings       [   0.02675] Vsync requirement not met.
display  D   display_settings.c:191  debug_display_settings           [   0.02675] color: 16 (rgba 5650), depth: 0, stencil: 0, acc: 0000, samples: 2/1
display  D   display_settings.c:227  _al_score_display_settings       [   0.02677] Vsync requirement not met.
display  D   display_settings.c:191  debug_display_settings           [   0.02678] color: 16 (rgba 5650), depth: 0, stencil: 0, acc: 0000, samples: 3/1
display  D   display_settings.c:227  _al_score_display_settings       [   0.02679] Vsync requirement not met.
display  D   display_settings.c:191  debug_display_settings           [   0.02680] color: 16 (rgba 5650), depth: 0, stencil: 0, acc: 0000, samples: 4/1
display  D   display_settings.c:227  _al_score_display_settings       [   0.02681] Vsync requirement not met.
display  D   display_settings.c:191  debug_display_settings           [   0.02682] color: 16 (rgba 5650), depth: 0, stencil: 0, acc: 0000, samples: 5/1
display  D   display_settings.c:227  _al_score_display_settings       [   0.02683] Vsync requirement not met.
display  D   display_settings.c:191  debug_display_settings           [   0.02684] color: 16 (rgba 5650), depth: 0, stencil: 0, acc: 0000, samples: 6/1
display  D   display_settings.c:227  _al_score_display_settings       [   0.02685] Vsync requirement not met.
display  D   display_settings.c:191  debug_display_settings           [   0.02686] color: 16 (rgba 5650), depth: 0, stencil: 0, acc: 0000, samples: 7/1
display  D   display_settings.c:227  _al_score_display_settings       [   0.02687] Vsync requirement not met.
display  D   display_settings.c:191  debug_display_settings           [   0.02688] color: 16 (rgba 5650), depth: 0, stencil: 0, acc: 0000, samples: 8/1
display  D   display_settings.c:227  _al_score_display_settings       [   0.02689] Vsync requirement not met.
display  D   display_settings.c:191  debug_display_settings           [   0.02690] color: 16 (rgba 5650), depth: 24, stencil: 8, acc: 0000, samples: 0/0
display  D   display_settings.c:227  _al_score_display_settings       [   0.02691] Vsync requirement not met.
display  D   display_settings.c:191  debug_display_settings           [   0.02692] color: 16 (rgba 5650), depth: 24, stencil: 8, acc: 0000, samples: 0/0
display  D   display_settings.c:227  _al_score_display_settings       [   0.02695] Vsync requirement not met.
display  D   display_settings.c:191  debug_display_settings           [   0.02696] color: 16 (rgba 5650), depth: 24, stencil: 8, acc: 0000, samples: 2/1
display  D   display_settings.c:227  _al_score_display_settings       [   0.02697] Vsync requirement not met.
display  D   display_settings.c:191  debug_display_settings           [   0.02698] color: 16 (rgba 5650), depth: 24, stencil: 8, acc: 0000, samples: 3/1
display  D   display_settings.c:227  _al_score_display_settings       [   0.02699] Vsync requirement not met.
display  D   display_settings.c:191  debug_display_settings           [   0.02700] color: 16 (rgba 5650), depth: 24, stencil: 8, acc: 0000, samples: 4/1
display  D   display_settings.c:227  _al_score_display_settings       [   0.02701] Vsync requirement not met.
display  D   display_settings.c:191  debug_display_settings           [   0.02702] color: 16 (rgba 5650), depth: 24, stencil: 8, acc: 0000, samples: 5/1
display  D   display_settings.c:227  _al_score_display_settings       [   0.02704] Vsync requirement not met.
display  D   display_settings.c:191  debug_display_settings           [   0.02704] color: 16 (rgba 5650), depth: 24, stencil: 8, acc: 0000, samples: 6/1
display  D   display_settings.c:227  _al_score_display_settings       [   0.02706] Vsync requirement not met.
display  D   display_settings.c:191  debug_display_settings           [   0.02707] color: 16 (rgba 5650), depth: 24, stencil: 8, acc: 0000, samples: 7/1
display  D   display_settings.c:227  _al_score_display_settings       [   0.02708] Vsync requirement not met.
display  D   display_settings.c:191  debug_display_settings           [   0.02709] color: 16 (rgba 5650), depth: 24, stencil: 8, acc: 0000, samples: 8/1
display  D   display_settings.c:227  _al_score_display_settings       [   0.02710] Vsync requirement not met.
display  D   display_settings.c:191  debug_display_settings           [   0.02711] color: 16 (rgba 5650), depth: 24, stencil: 0, acc: 0000, samples: 0/0
display  D   display_settings.c:227  _al_score_display_settings       [   0.02712] Vsync requirement not met.
display  D   display_settings.c:191  debug_display_settings           [   0.02713] color: 16 (rgba 5650), depth: 24, stencil: 0, acc: 0000, samples: 0/0
display  D   display_settings.c:227  _al_score_display_settings       [   0.02714] Vsync requirement not met.
display  D   display_settings.c:191  debug_display_settings           [   0.02715] color: 16 (rgba 5650), depth: 24, stencil: 0, acc: 0000, samples: 2/1
display  D   display_settings.c:227  _al_score_display_settings       [   0.02716] Vsync requirement not met.
display  D   display_settings.c:191  debug_display_settings           [   0.02717] color: 16 (rgba 5650), depth: 24, stencil: 0, acc: 0000, samples: 3/1
display  D   display_settings.c:227  _al_score_display_settings       [   0.02718] Vsync requirement not met.
display  D   display_settings.c:191  debug_display_settings           [   0.02719] color: 16 (rgba 5650), depth: 24, stencil: 0, acc: 0000, samples: 4/1
display  D   display_settings.c:227  _al_score_display_settings       [   0.02720] Vsync requirement not met.
display  D   display_settings.c:191  debug_display_settings           [   0.02721] color: 16 (rgba 5650), depth: 24, stencil: 0, acc: 0000, samples: 5/1
display  D   display_settings.c:227  _al_score_display_settings       [   0.02723] Vsync requirement not met.
display  D   display_settings.c:191  debug_display_settings           [   0.02724] color: 16 (rgba 5650), depth: 24, stencil: 0, acc: 0000, samples: 6/1
display  D   display_settings.c:227  _al_score_display_settings       [   0.02725] Vsync requirement not met.
display  D   display_settings.c:191  debug_display_settings           [   0.02726] color: 16 (rgba 5650), depth: 24, stencil: 0, acc: 0000, samples: 7/1
display  D   display_settings.c:227  _al_score_display_settings       [   0.02727] Vsync requirement not met.
display  D   display_settings.c:191  debug_display_settings           [   0.02728] color: 16 (rgba 5650), depth: 24, stencil: 0, acc: 0000, samples: 8/1
display  D   display_settings.c:227  _al_score_display_settings       [   0.02729] Vsync requirement not met.
display  D   display_settings.c:191  debug_display_settings           [   0.02730] color: 16 (rgba 5650), depth: 16, stencil: 0, acc: 0000, samples: 0/0
display  D   display_settings.c:227  _al_score_display_settings       [   0.02731] Vsync requirement not met.
display  D   display_settings.c:191  debug_display_settings           [   0.02732] color: 16 (rgba 5650), depth: 16, stencil: 0, acc: 0000, samples: 0/0
display  D   display_settings.c:227  _al_score_display_settings       [   0.02733] Vsync requirement not met.
display  D   display_settings.c:191  debug_display_settings           [   0.02734] color: 16 (rgba 5650), depth: 16, stencil: 0, acc: 0000, samples: 2/1
display  D   display_settings.c:227  _al_score_display_settings       [   0.02736] Vsync requirement not met.
display  D   display_settings.c:191  debug_display_settings           [   0.02736] color: 16 (rgba 5650), depth: 16, stencil: 0, acc: 0000, samples: 3/1
display  D   display_settings.c:227  _al_score_display_settings       [   0.02738] Vsync requirement not met.
display  D   display_settings.c:191  debug_display_settings           [   0.02739] color: 16 (rgba 5650), depth: 16, stencil: 0, acc: 0000, samples: 4/1
display  D   display_settings.c:227  _al_score_display_settings       [   0.02740] Vsync requirement not met.
display  D   display_settings.c:191  debug_display_settings           [   0.02741] color: 16 (rgba 5650), depth: 16, stencil: 0, acc: 0000, samples: 5/1
display  D   display_settings.c:227  _al_score_display_settings       [   0.02742] Vsync requirement not met.
display  D   display_settings.c:191  debug_display_settings           [   0.02743] color: 16 (rgba 5650), depth: 16, stencil: 0, acc: 0000, samples: 6/1
display  D   display_settings.c:227  _al_score_display_settings       [   0.02744] Vsync requirement not met.
display  D   display_settings.c:191  debug_display_settings           [   0.02745] color: 16 (rgba 5650), depth: 16, stencil: 0, acc: 0000, samples: 7/1
display  D   display_settings.c:227  _al_score_display_settings       [   0.02746] Vsync requirement not met.
display  D   display_settings.c:191  debug_display_settings           [   0.02747] color: 16 (rgba 5650), depth: 16, stencil: 0, acc: 0000, samples: 8/1
display  D   display_settings.c:227  _al_score_display_settings       [   0.02748] Vsync requirement not met.
display  D   display_settings.c:191  debug_display_settings           [   0.02749] color: 32 (rgba 8880), depth: 0, stencil: 0, acc: 0000, samples: 0/0
display  D   display_settings.c:377  _al_score_display_settings       [   0.02750] Single Buffer requirement not met.
display  D   display_settings.c:191  debug_display_settings           [   0.02751] color: 32 (rgba 8880), depth: 0, stencil: 0, acc: 0000, samples: 0/0
display  D   display_settings.c:377  _al_score_display_settings       [   0.02753] Single Buffer requirement not met.
display  D   display_settings.c:191  debug_display_settings           [   0.02754] color: 32 (rgba 8880), depth: 0, stencil: 0, acc: 0000, samples: 2/1
display  D   display_settings.c:377  _al_score_display_settings       [   0.02755] Single Buffer requirement not met.
display  D   display_settings.c:191  debug_display_settings           [   0.02756] color: 32 (rgba 8880), depth: 0, stencil: 0, acc: 0000, samples: 3/1
display  D   display_settings.c:377  _al_score_display_settings       [   0.02757] Single Buffer requirement not met.
display  D   display_settings.c:191  debug_display_settings           [   0.02758] color: 32 (rgba 8880), depth: 0, stencil: 0, acc: 0000, samples: 4/1
display  D   display_settings.c:377  _al_score_display_settings       [   0.02759] Single Buffer requirement not met.
display  D   display_settings.c:191  debug_display_settings           [   0.02760] color: 32 (rgba 8880), depth: 0, stencil: 0, acc: 0000, samples: 5/1
display  D   display_settings.c:377  _al_score_display_settings       [   0.02762] Single Buffer requirement not met.
display  D   display_settings.c:191  debug_display_settings           [   0.02763] color: 32 (rgba 8880), depth: 0, stencil: 0, acc: 0000, samples: 6/1
display  D   display_settings.c:377  _al_score_display_settings       [   0.02764] Single Buffer requirement not met.
display  D   display_settings.c:191  debug_display_settings           [   0.02765] color: 32 (rgba 8880), depth: 0, stencil: 0, acc: 0000, samples: 7/1
display  D   display_settings.c:377  _al_score_display_settings       [   0.02766] Single Buffer requirement not met.
display  D   display_settings.c:191  debug_display_settings           [   0.02767] color: 32 (rgba 8880), depth: 0, stencil: 0, acc: 0000, samples: 8/1
display  D   display_settings.c:377  _al_score_display_settings       [   0.02768] Single Buffer requirement not met.
display  D   display_settings.c:191  debug_display_settings           [   0.02769] color: 32 (rgba 8880), depth: 24, stencil: 8, acc: 0000, samples: 0/0
display  D   display_settings.c:377  _al_score_display_settings       [   0.02770] Single Buffer requirement not met.
display  D   display_settings.c:191  debug_display_settings           [   0.02771] color: 32 (rgba 8880), depth: 24, stencil: 8, acc: 0000, samples: 0/0
display  D   display_settings.c:377  _al_score_display_settings       [   0.02772] Single Buffer requirement not met.
display  D   display_settings.c:191  debug_display_settings           [   0.02773] color: 32 (rgba 8880), depth: 24, stencil: 8, acc: 0000, samples: 2/1
display  D   display_settings.c:377  _al_score_display_settings       [   0.02775] Single Buffer requirement not met.
display  D   display_settings.c:191  debug_display_settings           [   0.02776] color: 32 (rgba 8880), depth: 24, stencil: 8, acc: 0000, samples: 3/1
display  D   display_settings.c:377  _al_score_display_settings       [   0.02777] Single Buffer requirement not met.
display  D   display_settings.c:191  debug_display_settings           [   0.02778] color: 32 (rgba 8880), depth: 24, stencil: 8, acc: 0000, samples: 4/1
display  D   display_settings.c:377  _al_score_display_settings       [   0.02779] Single Buffer requirement not met.
display  D   display_settings.c:191  debug_display_settings           [   0.02780] color: 32 (rgba 8880), depth: 24, stencil: 8, acc: 0000, samples: 5/1
display  D   display_settings.c:377  _al_score_display_settings       [   0.02781] Single Buffer requirement not met.
display  D   display_settings.c:191  debug_display_settings           [   0.02782] color: 32 (rgba 8880), depth: 24, stencil: 8, acc: 0000, samples: 6/1
display  D   display_settings.c:377  _al_score_display_settings       [   0.02783] Single Buffer requirement not met.
display  D   display_settings.c:191  debug_display_settings           [   0.02784] color: 32 (rgba 8880), depth: 24, stencil: 8, acc: 0000, samples: 7/1
display  D   display_settings.c:377  _al_score_display_settings       [   0.02785] Single Buffer requirement not met.
display  D   display_settings.c:191  debug_display_settings           [   0.02786] color: 32 (rgba 8880), depth: 24, stencil: 8, acc: 0000, samples: 8/1
display  D   display_settings.c:377  _al_score_display_settings       [   0.02788] Single Buffer requirement not met.
display  D   display_settings.c:191  debug_display_settings           [   0.02789] color: 32 (rgba 8880), depth: 24, stencil: 0, acc: 0000, samples: 0/0
display  D   display_settings.c:377  _al_score_display_settings       [   0.02790] Single Buffer requirement not met.
display  D   display_settings.c:191  debug_display_settings           [   0.02791] color: 32 (rgba 8880), depth: 24, stencil: 0, acc: 0000, samples: 0/0
display  D   display_settings.c:377  _al_score_display_settings       [   0.02792] Single Buffer requirement not met.
display  D   display_settings.c:191  debug_display_settings           [   0.02793] color: 32 (rgba 8880), depth: 24, stencil: 0, acc: 0000, samples: 2/1
display  D   display_settings.c:377  _al_score_display_settings       [   0.02794] Single Buffer requirement not met.
display  D   display_settings.c:191  debug_display_settings           [   0.02795] color: 32 (rgba 8880), depth: 24, stencil: 0, acc: 0000, samples: 3/1
display  D   display_settings.c:377  _al_score_display_settings       [   0.02796] Single Buffer requirement not met.
display  D   display_settings.c:191  debug_display_settings           [   0.02797] color: 32 (rgba 8880), depth: 24, stencil: 0, acc: 0000, samples: 4/1
display  D   display_settings.c:377  _al_score_display_settings       [   0.02799] Single Buffer requirement not met.
display  D   display_settings.c:191  debug_display_settings           [   0.02800] color: 32 (rgba 8880), depth: 24, stencil: 0, acc: 0000, samples: 5/1
display  D   display_settings.c:377  _al_score_display_settings       [   0.02801] Single Buffer requirement not met.
display  D   display_settings.c:191  debug_display_settings           [   0.02802] color: 32 (rgba 8880), depth: 24, stencil: 0, acc: 0000, samples: 6/1
display  D   display_settings.c:377  _al_score_display_settings       [   0.02803] Single Buffer requirement not met.
display  D   display_settings.c:191  debug_display_settings           [   0.02804] color: 32 (rgba 8880), depth: 24, stencil: 0, acc: 0000, samples: 7/1
display  D   display_settings.c:377  _al_score_display_settings       [   0.02805] Single Buffer requirement not met.
display  D   display_settings.c:191  debug_display_settings           [   0.02806] color: 32 (rgba 8880), depth: 24, stencil: 0, acc: 0000, samples: 8/1
display  D   display_settings.c:377  _al_score_display_settings       [   0.02807] Single Buffer requirement not met.
display  D   display_settings.c:191  debug_display_settings           [   0.02808] color: 32 (rgba 8880), depth: 16, stencil: 0, acc: 0000, samples: 0/0
display  D   display_settings.c:377  _al_score_display_settings       [   0.02809] Single Buffer requirement not met.
display  D   display_settings.c:191  debug_display_settings           [   0.02810] color: 32 (rgba 8880), depth: 16, stencil: 0, acc: 0000, samples: 0/0
display  D   display_settings.c:377  _al_score_display_settings       [   0.02812] Single Buffer requirement not met.
display  D   display_settings.c:191  debug_display_settings           [   0.02813] color: 32 (rgba 8880), depth: 16, stencil: 0, acc: 0000, samples: 2/1
display  D   display_settings.c:377  _al_score_display_settings       [   0.02814] Single Buffer requirement not met.
display  D   display_settings.c:191  debug_display_settings           [   0.02815] color: 32 (rgba 8880), depth: 16, stencil: 0, acc: 0000, samples: 3/1
display  D   display_settings.c:377  _al_score_display_settings       [   0.02816] Single Buffer requirement not met.
display  D   display_settings.c:191  debug_display_settings           [   0.02817] color: 32 (rgba 8880), depth: 16, stencil: 0, acc: 0000, samples: 4/1
display  D   display_settings.c:377  _al_score_display_settings       [   0.02818] Single Buffer requirement not met.
display  D   display_settings.c:191  debug_display_settings           [   0.02819] color: 32 (rgba 8880), depth: 16, stencil: 0, acc: 0000, samples: 5/1
display  D   display_settings.c:377  _al_score_display_settings       [   0.02820] Single Buffer requirement not met.
display  D   display_settings.c:191  debug_display_settings           [   0.02821] color: 32 (rgba 8880), depth: 16, stencil: 0, acc: 0000, samples: 6/1
display  D   display_settings.c:377  _al_score_display_settings       [   0.02822] Single Buffer requirement not met.
display  D   display_settings.c:191  debug_display_settings           [   0.02823] color: 32 (rgba 8880), depth: 16, stencil: 0, acc: 0000, samples: 7/1
display  D   display_settings.c:377  _al_score_display_settings       [   0.02825] Single Buffer requirement not met.
display  D   display_settings.c:191  debug_display_settings           [   0.02826] color: 32 (rgba 8880), depth: 16, stencil: 0, acc: 0000, samples: 8/1
display  D   display_settings.c:377  _al_score_display_settings       [   0.02827] Single Buffer requirement not met.
display  D   display_settings.c:191  debug_display_settings           [   0.02828] color: 16 (rgba 5650), depth: 0, stencil: 0, acc: 0000, samples: 0/0
display  D   display_settings.c:377  _al_score_display_settings       [   0.02829] Single Buffer requirement not met.
display  D   display_settings.c:191  debug_display_settings           [   0.02830] color: 16 (rgba 5650), depth: 0, stencil: 0, acc: 0000, samples: 0/0
display  D   display_settings.c:377  _al_score_display_settings       [   0.02831] Single Buffer requirement not met.
display  D   display_settings.c:191  debug_display_settings           [   0.02832] color: 16 (rgba 5650), depth: 0, stencil: 0, acc: 0000, samples: 2/1
display  D   display_settings.c:377  _al_score_display_settings       [   0.02833] Single Buffer requirement not met.
display  D   display_settings.c:191  debug_display_settings           [   0.02834] color: 16 (rgba 5650), depth: 0, stencil: 0, acc: 0000, samples: 3/1
display  D   display_settings.c:377  _al_score_display_settings       [   0.02835] Single Buffer requirement not met.
display  D   display_settings.c:191  debug_display_settings           [   0.02836] color: 16 (rgba 5650), depth: 0, stencil: 0, acc: 0000, samples: 4/1
display  D   display_settings.c:377  _al_score_display_settings       [   0.02838] Single Buffer requirement not met.
display  D   display_settings.c:191  debug_display_settings           [   0.02839] color: 16 (rgba 5650), depth: 0, stencil: 0, acc: 0000, samples: 5/1
display  D   display_settings.c:377  _al_score_display_settings       [   0.02840] Single Buffer requirement not met.
display  D   display_settings.c:191  debug_display_settings           [   0.02841] color: 16 (rgba 5650), depth: 0, stencil: 0, acc: 0000, samples: 6/1
display  D   display_settings.c:377  _al_score_display_settings       [   0.02842] Single Buffer requirement not met.
display  D   display_settings.c:191  debug_display_settings           [   0.02843] color: 16 (rgba 5650), depth: 0, stencil: 0, acc: 0000, samples: 7/1
display  D   display_settings.c:377  _al_score_display_settings       [   0.02844] Single Buffer requirement not met.
display  D   display_settings.c:191  debug_display_settings           [   0.02845] color: 16 (rgba 5650), depth: 0, stencil: 0, acc: 0000, samples: 8/1
display  D   display_settings.c:377  _al_score_display_settings       [   0.02846] Single Buffer requirement not met.
display  D   display_settings.c:191  debug_display_settings           [   0.02847] color: 16 (rgba 5650), depth: 24, stencil: 8, acc: 0000, samples: 0/0
display  D   display_settings.c:377  _al_score_display_settings       [   0.02848] Single Buffer requirement not met.
display  D   display_settings.c:191  debug_display_settings           [   0.02849] color: 16 (rgba 5650), depth: 24, stencil: 8, acc: 0000, samples: 0/0
display  D   display_settings.c:377  _al_score_display_settings       [   0.02850] Single Buffer requirement not met.
display  D   display_settings.c:191  debug_display_settings           [   0.02851] color: 16 (rgba 5650), depth: 24, stencil: 8, acc: 0000, samples: 2/1
display  D   display_settings.c:377  _al_score_display_settings       [   0.02853] Single Buffer requirement not met.
display  D   display_settings.c:191  debug_display_settings           [   0.02854] color: 16 (rgba 5650), depth: 24, stencil: 8, acc: 0000, samples: 3/1
display  D   display_settings.c:377  _al_score_display_settings       [   0.02855] Single Buffer requirement not met.
display  D   display_settings.c:191  debug_display_settings           [   0.02856] color: 16 (rgba 5650), depth: 24, stencil: 8, acc: 0000, samples: 4/1
display  D   display_settings.c:377  _al_score_display_settings       [   0.02857] Single Buffer requirement not met.
display  D   display_settings.c:191  debug_display_settings           [   0.02858] color: 16 (rgba 5650), depth: 24, stencil: 8, acc: 0000, samples: 5/1
display  D   display_settings.c:377  _al_score_display_settings       [   0.02859] Single Buffer requirement not met.
display  D   display_settings.c:191  debug_display_settings           [   0.02860] color: 16 (rgba 5650), depth: 24, stencil: 8, acc: 0000, samples: 6/1
display  D   display_settings.c:377  _al_score_display_settings       [   0.02861] Single Buffer requirement not met.
display  D   display_settings.c:191  debug_display_settings           [   0.02862] color: 16 (rgba 5650), depth: 24, stencil: 8, acc: 0000, samples: 7/1
display  D   display_settings.c:377  _al_score_display_settings       [   0.02863] Single Buffer requirement not met.
display  D   display_settings.c:191  debug_display_settings           [   0.02864] color: 16 (rgba 5650), depth: 24, stencil: 8, acc: 0000, samples: 8/1
display  D   display_settings.c:377  _al_score_display_settings       [   0.02866] Single Buffer requirement not met.
display  D   display_settings.c:191  debug_display_settings           [   0.02867] color: 16 (rgba 5650), depth: 24, stencil: 0, acc: 0000, samples: 0/0
display  D   display_settings.c:377  _al_score_display_settings       [   0.02868] Single Buffer requirement not met.
display  D   display_settings.c:191  debug_display_settings           [   0.02869] color: 16 (rgba 5650), depth: 24, stencil: 0, acc: 0000, samples: 0/0
display  D   display_settings.c:377  _al_score_display_settings       [   0.02870] Single Buffer requirement not met.
display  D   display_settings.c:191  debug_display_settings           [   0.02871] color: 16 (rgba 5650), depth: 24, stencil: 0, acc: 0000, samples: 2/1
display  D   display_settings.c:377  _al_score_display_settings       [   0.02872] Single Buffer requirement not met.
display  D   display_settings.c:191  debug_display_settings           [   0.02873] color: 16 (rgba 5650), depth: 24, stencil: 0, acc: 0000, samples: 3/1
display  D   display_settings.c:377  _al_score_display_settings       [   0.02874] Single Buffer requirement not met.
display  D   display_settings.c:191  debug_display_settings           [   0.02875] color: 16 (rgba 5650), depth: 24, stencil: 0, acc: 0000, samples: 4/1
display  D   display_settings.c:377  _al_score_display_settings       [   0.02876] Single Buffer requirement not met.
display  D   display_settings.c:191  debug_display_settings           [   0.02877] color: 16 (rgba 5650), depth: 24, stencil: 0, acc: 0000, samples: 5/1
display  D   display_settings.c:377  _al_score_display_settings       [   0.02879] Single Buffer requirement not met.
display  D   display_settings.c:191  debug_display_settings           [   0.02880] color: 16 (rgba 5650), depth: 24, stencil: 0, acc: 0000, samples: 6/1
display  D   display_settings.c:377  _al_score_display_settings       [   0.02881] Single Buffer requirement not met.
display  D   display_settings.c:191  debug_display_settings           [   0.02882] color: 16 (rgba 5650), depth: 24, stencil: 0, acc: 0000, samples: 7/1
display  D   display_settings.c:377  _al_score_display_settings       [   0.02883] Single Buffer requirement not met.
display  D   display_settings.c:191  debug_display_settings           [   0.02884] color: 16 (rgba 5650), depth: 24, stencil: 0, acc: 0000, samples: 8/1
display  D   display_settings.c:377  _al_score_display_settings       [   0.02885] Single Buffer requirement not met.
display  D   display_settings.c:191  debug_display_settings           [   0.02886] color: 16 (rgba 5650), depth: 16, stencil: 0, acc: 0000, samples: 0/0
display  D   display_settings.c:377  _al_score_display_settings       [   0.02887] Single Buffer requirement not met.
display  D   display_settings.c:191  debug_display_settings           [   0.02888] color: 16 (rgba 5650), depth: 16, stencil: 0, acc: 0000, samples: 0/0
display  D   display_settings.c:377  _al_score_display_settings       [   0.02889] Single Buffer requirement not met.
display  D   display_settings.c:191  debug_display_settings           [   0.02890] color: 16 (rgba 5650), depth: 16, stencil: 0, acc: 0000, samples: 2/1
display  D   display_settings.c:377  _al_score_display_settings       [   0.02892] Single Buffer requirement not met.
display  D   display_settings.c:191  debug_display_settings           [   0.02893] color: 16 (rgba 5650), depth: 16, stencil: 0, acc: 0000, samples: 3/1
display  D   display_settings.c:377  _al_score_display_settings       [   0.02894] Single Buffer requirement not met.
display  D   display_settings.c:191  debug_display_settings           [   0.02895] color: 16 (rgba 5650), depth: 16, stencil: 0, acc: 0000, samples: 4/1
display  D   display_settings.c:377  _al_score_display_settings       [   0.02896] Single Buffer requirement not met.
display  D   display_settings.c:191  debug_display_settings           [   0.02897] color: 16 (rgba 5650), depth: 16, stencil: 0, acc: 0000, samples: 5/1
display  D   display_settings.c:377  _al_score_display_settings       [   0.02898] Single Buffer requirement not met.
display  D   display_settings.c:191  debug_display_settings           [   0.02899] color: 16 (rgba 5650), depth: 16, stencil: 0, acc: 0000, samples: 6/1
display  D   display_settings.c:377  _al_score_display_settings       [   0.02900] Single Buffer requirement not met.
display  D   display_settings.c:191  debug_display_settings           [   0.02901] color: 16 (rgba 5650), depth: 16, stencil: 0, acc: 0000, samples: 7/1
display  D   display_settings.c:377  _al_score_display_settings       [   0.02903] Single Buffer requirement not met.
display  D   display_settings.c:191  debug_display_settings           [   0.02904] color: 16 (rgba 5650), depth: 16, stencil: 0, acc: 0000, samples: 8/1
display  D   display_settings.c:377  _al_score_display_settings       [   0.02905] Single Buffer requirement not met.
display  D   display_settings.c:191  debug_display_settings           [   0.02906] color: 32 (rgba 8880), depth: 0, stencil: 0, acc: 0000, samples: 0/0
display  D   display_settings.c:506  _al_score_display_settings       [   0.02907] Score is : 897
display  D   display_settings.c:191  debug_display_settings           [   0.02908] color: 32 (rgba 8880), depth: 0, stencil: 0, acc: 0000, samples: 0/0
display  D   display_settings.c:506  _al_score_display_settings       [   0.02909] Score is : 897
display  D   display_settings.c:191  debug_display_settings           [   0.02910] color: 32 (rgba 8880), depth: 0, stencil: 0, acc: 0000, samples: 2/1
display  D   display_settings.c:506  _al_score_display_settings       [   0.02911] Score is : 726
display  D   display_settings.c:191  debug_display_settings           [   0.02912] color: 32 (rgba 8880), depth: 0, stencil: 0, acc: 0000, samples: 3/1
display  D   display_settings.c:506  _al_score_display_settings       [   0.02913] Score is : 721
display  D   display_settings.c:191  debug_display_settings           [   0.02914] color: 32 (rgba 8880), depth: 0, stencil: 0, acc: 0000, samples: 4/1
display  D   display_settings.c:506  _al_score_display_settings       [   0.02915] Score is : 717
display  D   display_settings.c:191  debug_display_settings           [   0.02916] color: 32 (rgba 8880), depth: 0, stencil: 0, acc: 0000, samples: 5/1
display  D   display_settings.c:506  _al_score_display_settings       [   0.02918] Score is : 715
display  D   display_settings.c:191  debug_display_settings           [   0.02919] color: 32 (rgba 8880), depth: 0, stencil: 0, acc: 0000, samples: 6/1
display  D   display_settings.c:506  _al_score_display_settings       [   0.02920] Score is : 714
display  D   display_settings.c:191  debug_display_settings           [   0.02921] color: 32 (rgba 8880), depth: 0, stencil: 0, acc: 0000, samples: 7/1
display  D   display_settings.c:506  _al_score_display_settings       [   0.02922] Score is : 713
display  D   display_settings.c:191  debug_display_settings           [   0.02923] color: 32 (rgba 8880), depth: 0, stencil: 0, acc: 0000, samples: 8/1
display  D   display_settings.c:506  _al_score_display_settings       [   0.02924] Score is : 712
display  D   display_settings.c:191  debug_display_settings           [   0.02925] color: 32 (rgba 8880), depth: 24, stencil: 8, acc: 0000, samples: 0/0
display  D   display_settings.c:506  _al_score_display_settings       [   0.02926] Score is : 897
display  D   display_settings.c:191  debug_display_settings           [   0.02927] color: 32 (rgba 8880), depth: 24, stencil: 8, acc: 0000, samples: 0/0
display  D   display_settings.c:506  _al_score_display_settings       [   0.02928] Score is : 897
display  D   display_settings.c:191  debug_display_settings           [   0.02929] color: 32 (rgba 8880), depth: 24, stencil: 8, acc: 0000, samples: 2/1
display  D   display_settings.c:506  _al_score_display_settings       [   0.02931] Score is : 726
display  D   display_settings.c:191  debug_display_settings           [   0.02932] color: 32 (rgba 8880), depth: 24, stencil: 8, acc: 0000, samples: 3/1
display  D   display_settings.c:506  _al_score_display_settings       [   0.02933] Score is : 721
display  D   display_settings.c:191  debug_display_settings           [   0.02934] color: 32 (rgba 8880), depth: 24, stencil: 8, acc: 0000, samples: 4/1
display  D   display_settings.c:506  _al_score_display_settings       [   0.02935] Score is : 717
display  D   display_settings.c:191  debug_display_settings           [   0.02936] color: 32 (rgba 8880), depth: 24, stencil: 8, acc: 0000, samples: 5/1
display  D   display_settings.c:506  _al_score_display_settings       [   0.02937] Score is : 715
display  D   display_settings.c:191  debug_display_settings           [   0.02938] color: 32 (rgba 8880), depth: 24, stencil: 8, acc: 0000, samples: 6/1
display  D   display_settings.c:506  _al_score_display_settings       [   0.02939] Score is : 714
display  D   display_settings.c:191  debug_display_settings           [   0.02940] color: 32 (rgba 8880), depth: 24, stencil: 8, acc: 0000, samples: 7/1
display  D   display_settings.c:506  _al_score_display_settings       [   0.02941] Score is : 713
display  D   display_settings.c:191  debug_display_settings           [   0.02942] color: 32 (rgba 8880), depth: 24, stencil: 8, acc: 0000, samples: 8/1
display  D   display_settings.c:506  _al_score_display_settings       [   0.02943] Score is : 712
display  D   display_settings.c:191  debug_display_settings           [   0.02944] color: 32 (rgba 8880), depth: 24, stencil: 0, acc: 0000, samples: 0/0
display  D   display_settings.c:506  _al_score_display_settings       [   0.02945] Score is : 897
display  D   display_settings.c:191  debug_display_settings           [   0.02946] color: 32 (rgba 8880), depth: 24, stencil: 0, acc: 0000, samples: 0/0
display  D   display_settings.c:506  _al_score_display_settings       [   0.02948] Score is : 897
display  D   display_settings.c:191  debug_display_settings           [   0.02949] color: 32 (rgba 8880), depth: 24, stencil: 0, acc: 0000, samples: 2/1
display  D   display_settings.c:506  _al_score_display_settings       [   0.02950] Score is : 726
display  D   display_settings.c:191  debug_display_settings           [   0.02951] color: 32 (rgba 8880), depth: 24, stencil: 0, acc: 0000, samples: 3/1
display  D   display_settings.c:506  _al_score_display_settings       [   0.02952] Score is : 721
display  D   display_settings.c:191  debug_display_settings           [   0.02953] color: 32 (rgba 8880), depth: 24, stencil: 0, acc: 0000, samples: 4/1
display  D   display_settings.c:506  _al_score_display_settings       [   0.02954] Score is : 717
display  D   display_settings.c:191  debug_display_settings           [   0.02955] color: 32 (rgba 8880), depth: 24, stencil: 0, acc: 0000, samples: 5/1
display  D   display_settings.c:506  _al_score_display_settings       [   0.02956] Score is : 715
display  D   display_settings.c:191  debug_display_settings           [   0.02957] color: 32 (rgba 8880), depth: 24, stencil: 0, acc: 0000, samples: 6/1
display  D   display_settings.c:506  _al_score_display_settings       [   0.02958] Score is : 714
display  D   display_settings.c:191  debug_display_settings           [   0.02961] color: 32 (rgba 8880), depth: 24, stencil: 0, acc: 0000, samples: 7/1
display  D   display_settings.c:506  _al_score_display_settings       [   0.02962] Score is : 713
display  D   display_settings.c:191  debug_display_settings           [   0.02963] color: 32 (rgba 8880), depth: 24, stencil: 0, acc: 0000, samples: 8/1
display  D   display_settings.c:506  _al_score_display_settings       [   0.02964] Score is : 712
display  D   display_settings.c:191  debug_display_settings           [   0.02965] color: 32 (rgba 8880), depth: 16, stencil: 0, acc: 0000, samples: 0/0
display  D   display_settings.c:506  _al_score_display_settings       [   0.02966] Score is : 897
display  D   display_settings.c:191  debug_display_settings           [   0.02967] color: 32 (rgba 8880), depth: 16, stencil: 0, acc: 0000, samples: 0/0
display  D   display_settings.c:506  _al_score_display_settings       [   0.02969] Score is : 897
display  D   display_settings.c:191  debug_display_settings           [   0.02969] color: 32 (rgba 8880), depth: 16, stencil: 0, acc: 0000, samples: 2/1
display  D   display_settings.c:506  _al_score_display_settings       [   0.02971] Score is : 726
display  D   display_settings.c:191  debug_display_settings           [   0.02972] color: 32 (rgba 8880), depth: 16, stencil: 0, acc: 0000, samples: 3/1
display  D   display_settings.c:506  _al_score_display_settings       [   0.02973] Score is : 721
display  D   display_settings.c:191  debug_display_settings           [   0.02974] color: 32 (rgba 8880), depth: 16, stencil: 0, acc: 0000, samples: 4/1
display  D   display_settings.c:506  _al_score_display_settings       [   0.02975] Score is : 717
display  D   display_settings.c:191  debug_display_settings           [   0.02976] color: 32 (rgba 8880), depth: 16, stencil: 0, acc: 0000, samples: 5/1
display  D   display_settings.c:506  _al_score_display_settings       [   0.02977] Score is : 715
display  D   display_settings.c:191  debug_display_settings           [   0.02978] color: 32 (rgba 8880), depth: 16, stencil: 0, acc: 0000, samples: 6/1
display  D   display_settings.c:506  _al_score_display_settings       [   0.02979] Score is : 714
display  D   display_settings.c:191  debug_display_settings           [   0.02980] color: 32 (rgba 8880), depth: 16, stencil: 0, acc: 0000, samples: 7/1
display  D   display_settings.c:506  _al_score_display_settings       [   0.02981] Score is : 713
display  D   display_settings.c:191  debug_display_settings           [   0.02982] color: 32 (rgba 8880), depth: 16, stencil: 0, acc: 0000, samples: 8/1
display  D   display_settings.c:506  _al_score_display_settings       [   0.02983] Score is : 712
display  D   display_settings.c:191  debug_display_settings           [   0.02984] color: 16 (rgba 5650), depth: 0, stencil: 0, acc: 0000, samples: 0/0
display  D   display_settings.c:506  _al_score_display_settings       [   0.02986] Score is : 897
display  D   display_settings.c:191  debug_display_settings           [   0.02987] color: 16 (rgba 5650), depth: 0, stencil: 0, acc: 0000, samples: 0/0
display  D   display_settings.c:506  _al_score_display_settings       [   0.02988] Score is : 897
display  D   display_settings.c:191  debug_display_settings           [   0.02989] color: 16 (rgba 5650), depth: 0, stencil: 0, acc: 0000, samples: 2/1
display  D   display_settings.c:506  _al_score_display_settings       [   0.02990] Score is : 726
display  D   display_settings.c:191  debug_display_settings           [   0.02991] color: 16 (rgba 5650), depth: 0, stencil: 0, acc: 0000, samples: 3/1
display  D   display_settings.c:506  _al_score_display_settings       [   0.02992] Score is : 721
display  D   display_settings.c:191  debug_display_settings           [   0.02993] color: 16 (rgba 5650), depth: 0, stencil: 0, acc: 0000, samples: 4/1
display  D   display_settings.c:506  _al_score_display_settings       [   0.02994] Score is : 717
display  D   display_settings.c:191  debug_display_settings           [   0.02995] color: 16 (rgba 5650), depth: 0, stencil: 0, acc: 0000, samples: 5/1
display  D   display_settings.c:506  _al_score_display_settings       [   0.02996] Score is : 715
display  D   display_settings.c:191  debug_display_settings           [   0.02997] color: 16 (rgba 5650), depth: 0, stencil: 0, acc: 0000, samples: 6/1
display  D   display_settings.c:506  _al_score_display_settings       [   0.02998] Score is : 714
display  D   display_settings.c:191  debug_display_settings           [   0.02999] color: 16 (rgba 5650), depth: 0, stencil: 0, acc: 0000, samples: 7/1
display  D   display_settings.c:506  _al_score_display_settings       [   0.03001] Score is : 713
display  D   display_settings.c:191  debug_display_settings           [   0.03001] color: 16 (rgba 5650), depth: 0, stencil: 0, acc: 0000, samples: 8/1
display  D   display_settings.c:506  _al_score_display_settings       [   0.03003] Score is : 712
display  D   display_settings.c:191  debug_display_settings           [   0.03004] color: 16 (rgba 5650), depth: 24, stencil: 8, acc: 0000, samples: 0/0
display  D   display_settings.c:506  _al_score_display_settings       [   0.03005] Score is : 897
display  D   display_settings.c:191  debug_display_settings           [   0.03006] color: 16 (rgba 5650), depth: 24, stencil: 8, acc: 0000, samples: 0/0
display  D   display_settings.c:506  _al_score_display_settings       [   0.03007] Score is : 897
display  D   display_settings.c:191  debug_display_settings           [   0.03008] color: 16 (rgba 5650), depth: 24, stencil: 8, acc: 0000, samples: 2/1
display  D   display_settings.c:506  _al_score_display_settings       [   0.03009] Score is : 726
display  D   display_settings.c:191  debug_display_settings           [   0.03010] color: 16 (rgba 5650), depth: 24, stencil: 8, acc: 0000, samples: 3/1
display  D   display_settings.c:506  _al_score_display_settings       [   0.03011] Score is : 721
display  D   display_settings.c:191  debug_display_settings           [   0.03012] color: 16 (rgba 5650), depth: 24, stencil: 8, acc: 0000, samples: 4/1
display  D   display_settings.c:506  _al_score_display_settings       [   0.03013] Score is : 717
display  D   display_settings.c:191  debug_display_settings           [   0.03014] color: 16 (rgba 5650), depth: 24, stencil: 8, acc: 0000, samples: 5/1
display  D   display_settings.c:506  _al_score_display_settings       [   0.03015] Score is : 715
display  D   display_settings.c:191  debug_display_settings           [   0.03016] color: 16 (rgba 5650), depth: 24, stencil: 8, acc: 0000, samples: 6/1
display  D   display_settings.c:506  _al_score_display_settings       [   0.03018] Score is : 714
display  D   display_settings.c:191  debug_display_settings           [   0.03018] color: 16 (rgba 5650), depth: 24, stencil: 8, acc: 0000, samples: 7/1
display  D   display_settings.c:506  _al_score_display_settings       [   0.03020] Score is : 713
display  D   display_settings.c:191  debug_display_settings           [   0.03021] color: 16 (rgba 5650), depth: 24, stencil: 8, acc: 0000, samples: 8/1
display  D   display_settings.c:506  _al_score_display_settings       [   0.03022] Score is : 712
display  D   display_settings.c:191  debug_display_settings           [   0.03023] color: 16 (rgba 5650), depth: 24, stencil: 0, acc: 0000, samples: 0/0
display  D   display_settings.c:506  _al_score_display_settings       [   0.03024] Score is : 897
display  D   display_settings.c:191  debug_display_settings           [   0.03025] color: 16 (rgba 5650), depth: 24, stencil: 0, acc: 0000, samples: 0/0
display  D   display_settings.c:506  _al_score_display_settings       [   0.03026] Score is : 897
display  D   display_settings.c:191  debug_display_settings           [   0.03027] color: 16 (rgba 5650), depth: 24, stencil: 0, acc: 0000, samples: 2/1
display  D   display_settings.c:506  _al_score_display_settings       [   0.03028] Score is : 726
display  D   display_settings.c:191  debug_display_settings           [   0.03029] color: 16 (rgba 5650), depth: 24, stencil: 0, acc: 0000, samples: 3/1
display  D   display_settings.c:506  _al_score_display_settings       [   0.03030] Score is : 721
display  D   display_settings.c:191  debug_display_settings           [   0.03031] color: 16 (rgba 5650), depth: 24, stencil: 0, acc: 0000, samples: 4/1
display  D   display_settings.c:506  _al_score_display_settings       [   0.03033] Score is : 717
display  D   display_settings.c:191  debug_display_settings           [   0.03033] color: 16 (rgba 5650), depth: 24, stencil: 0, acc: 0000, samples: 5/1
display  D   display_settings.c:506  _al_score_display_settings       [   0.03035] Score is : 715
display  D   display_settings.c:191  debug_display_settings           [   0.03036] color: 16 (rgba 5650), depth: 24, stencil: 0, acc: 0000, samples: 6/1
display  D   display_settings.c:506  _al_score_display_settings       [   0.03037] Score is : 714
display  D   display_settings.c:191  debug_display_settings           [   0.03038] color: 16 (rgba 5650), depth: 24, stencil: 0, acc: 0000, samples: 7/1
display  D   display_settings.c:506  _al_score_display_settings       [   0.03039] Score is : 713
display  D   display_settings.c:191  debug_display_settings           [   0.03040] color: 16 (rgba 5650), depth: 24, stencil: 0, acc: 0000, samples: 8/1
display  D   display_settings.c:506  _al_score_display_settings       [   0.03041] Score is : 712
display  D   display_settings.c:191  debug_display_settings           [   0.03042] color: 16 (rgba 5650), depth: 16, stencil: 0, acc: 0000, samples: 0/0
display  D   display_settings.c:506  _al_score_display_settings       [   0.03043] Score is : 897
display  D   display_settings.c:191  debug_display_settings           [   0.03044] color: 16 (rgba 5650), depth: 16, stencil: 0, acc: 0000, samples: 0/0
display  D   display_settings.c:506  _al_score_display_settings       [   0.03045] Score is : 897
display  D   display_settings.c:191  debug_display_settings           [   0.03046] color: 16 (rgba 5650), depth: 16, stencil: 0, acc: 0000, samples: 2/1
display  D   display_settings.c:506  _al_score_display_settings       [   0.03047] Score is : 726
display  D   display_settings.c:191  debug_display_settings           [   0.03048] color: 16 (rgba 5650), depth: 16, stencil: 0, acc: 0000, samples: 3/1
display  D   display_settings.c:506  _al_score_display_settings       [   0.03049] Score is : 721
display  D   display_settings.c:191  debug_display_settings           [   0.03050] color: 16 (rgba 5650), depth: 16, stencil: 0, acc: 0000, samples: 4/1
display  D   display_settings.c:506  _al_score_display_settings       [   0.03052] Score is : 717
display  D   display_settings.c:191  debug_display_settings           [   0.03053] color: 16 (rgba 5650), depth: 16, stencil: 0, acc: 0000, samples: 5/1
display  D   display_settings.c:506  _al_score_display_settings       [   0.03054] Score is : 715
display  D   display_settings.c:191  debug_display_settings           [   0.03055] color: 16 (rgba 5650), depth: 16, stencil: 0, acc: 0000, samples: 6/1
display  D   display_settings.c:506  _al_score_display_settings       [   0.03056] Score is : 714
display  D   display_settings.c:191  debug_display_settings           [   0.03057] color: 16 (rgba 5650), depth: 16, stencil: 0, acc: 0000, samples: 7/1
display  D   display_settings.c:506  _al_score_display_settings       [   0.03058] Score is : 713
display  D   display_settings.c:191  debug_display_settings           [   0.03059] color: 16 (rgba 5650), depth: 16, stencil: 0, acc: 0000, samples: 8/1
display  D   display_settings.c:506  _al_score_display_settings       [   0.03060] Score is : 712
display  W   display_settings.c:654  _al_deduce_color_format          [   0.03066] Could not deduce color format, sizes = (0,0,0,0,0), shifts = (0,0,0,0)
display  W   display_settings.c:654  _al_deduce_color_format          [   0.03094] Could not deduce color format, sizes = (0,0,0,0,0), shifts = (0,0,0,0)
display  W   display_settings.c:654  _al_deduce_color_format          [   0.03122] Could not deduce color format, sizes = (0,0,0,0,0), shifts = (0,0,0,0)
d3d      D         d3d_disp.cpp:1645 d3d_create_display_internals     [   0.03150] Trying format 216.
d3d      I         d3d_disp.cpp:1326 d3d_display_thread_proc          [   0.03197] Chose a display format: 23
d3d      I         d3d_disp.cpp:1395 d3d_display_thread_proc          [   0.03199] Normal window.
d3d      D         d3d_disp.cpp:1423 d3d_display_thread_proc          [   0.05315] Creating real fullscreen device
d3d      I         d3d_disp.cpp:588  d3d_create_fullscreen_device     [   0.28518] Fullscreen Direct3D device created.
d3d      I         d3d_disp.cpp:1431 d3d_display_thread_proc          [   0.28522] Real fullscreen device created
d3d      D         d3d_disp.cpp:1668 d3d_create_display_internals     [   0.28524] Resumed after wait.
d3d      I         d3d_disp.cpp:1701 d3d_create_display_internals     [   0.28530] Format 216 succeeded.
d3d      D         d3d_disp.cpp:1724 d3d_create_display_internals     [   0.28533] Returning d3d_display: 000B5110
d3d      D         d3d_disp.cpp:1749 d3d_create_display_locked        [   0.28534] al_display=000B5110
d3d      D         d3d_disp.cpp:1750 d3d_create_display_locked        [   0.28535] al_display->vt=000B5048
audio-dsound D           dsound.cpp:244  _dsound_open                     [   0.29762] Loading DirectSound module
system   D            wsystem.c:583  maybe_parent_dir                 [   0.29772] Also searching d:\documents\visual studio 2010\Projects\Trake\
system   D            wsystem.c:633  _al_win_safe_load_library        [   0.29782] PathFindOnPath found: C:\Windows\system32\dsound.dll
system   D            wsystem.c:544  load_library_at_path             [   0.29784] Calling LoadLibrary C:\Windows\system32\dsound.dll
system   I            wsystem.c:547  load_library_at_path             [   0.29967] Loaded C:\Windows\system32\dsound.dll
audio-dsound I           dsound.cpp:261  _dsound_open                     [   0.29972] Starting DirectSound...
audio-dsound D           dsound.cpp:271  _dsound_open                     [   0.32002] DirectSoundCreate8 succeeded
audio    I              audio.c:288  do_install_audio                 [   0.32076] Using DirectSound driver
audio-dsound D           dsound.cpp:306  _dsound_allocate_voice           [   0.32091] Allocating voice
audio-dsound D           dsound.cpp:365  _dsound_allocate_voice           [   0.32093] Allocated voice
dtor     D               dtor.c:184  _al_register_destructor          [   0.32094] added dtor for object 00E5D240, func 575C253B
dtor     D               dtor.c:184  _al_register_destructor          [   0.32096] added dtor for object 00E5D498, func 575C2941
audio-dsound D           dsound.cpp:462  _dsound_start_voice              [   0.32098] Starting voice
audio-dsound D           dsound.cpp:491  _dsound_start_voice              [   0.32099] CreateSoundBuffer
audio-dsound D           dsound.cpp:500  _dsound_start_voice              [   0.32155] CreateSoundBuffer succeeded
audio-dsound D           dsound.cpp:506  _dsound_start_voice              [   0.32158] Starting _dsound_update thread
audio-dsound I           dsound.cpp:516  _dsound_start_voice              [   0.32187] Voice started
dtor     D               dtor.c:184  _al_register_destructor          [   0.32190] added dtor for object 00E5D9C0, func 575C2419
audio    D          kcm_mixer.c:121  _al_rechannel_matrix             [   0.32192] sample matrix:
audio    D          kcm_mixer.c:127  _al_rechannel_matrix             [   0.32193] 
audio    D          kcm_mixer.c:127  _al_rechannel_matrix             [   0.32194] 
dtor     D               dtor.c:184  _al_register_destructor          [   0.32195] added dtor for object 00E5D7B8, func 575C2419
audio    D          kcm_mixer.c:121  _al_rechannel_matrix             [   0.32209] sample matrix:
audio    D          kcm_mixer.c:127  _al_rechannel_matrix             [   0.32210] 
audio    D          kcm_mixer.c:127  _al_rechannel_matrix             [   0.32211] 
dtor     D               dtor.c:184  _al_register_destructor          [   0.32213] added dtor for object 00E69E08, func 575C2419
audio    D          kcm_mixer.c:121  _al_rechannel_matrix             [   0.32214] sample matrix:
audio    D          kcm_mixer.c:127  _al_rechannel_matrix             [   0.32215] 
audio    D          kcm_mixer.c:127  _al_rechannel_matrix             [   0.32216] 
dtor     D               dtor.c:184  _al_register_destructor          [   0.32217] added dtor for object 00E69FA0, func 575C2419
audio    D          kcm_mixer.c:121  _al_rechannel_matrix             [   0.32219] sample matrix:
audio    D          kcm_mixer.c:127  _al_rechannel_matrix             [   0.32219] 
audio    D          kcm_mixer.c:127  _al_rechannel_matrix             [   0.32220] 
dtor     D               dtor.c:184  _al_register_destructor          [   0.32222] added dtor for object 00E6A0B8, func 575C2419
audio    D          kcm_mixer.c:121  _al_rechannel_matrix             [   0.32223] sample matrix:
audio    D          kcm_mixer.c:127  _al_rechannel_matrix             [   0.32224] 
audio    D          kcm_mixer.c:127  _al_rechannel_matrix             [   0.32225] 
dtor     D               dtor.c:184  _al_register_destructor          [   0.32226] added dtor for object 00E6A230, func 575C2419
audio    D          kcm_mixer.c:121  _al_rechannel_matrix             [   0.32228] sample matrix:
audio    D          kcm_mixer.c:127  _al_rechannel_matrix             [   0.32229] 
audio    D          kcm_mixer.c:127  _al_rechannel_matrix             [   0.32229] 
dtor     D               dtor.c:184  _al_register_destructor          [   0.32231] added dtor for object 00E6A348, func 575C2419
audio    D          kcm_mixer.c:121  _al_rechannel_matrix             [   0.32232] sample matrix:
audio    D          kcm_mixer.c:127  _al_rechannel_matrix             [   0.32233] 
audio    D          kcm_mixer.c:127  _al_rechannel_matrix             [   0.32234] 
dtor     D               dtor.c:184  _al_register_destructor          [   0.32235] added dtor for object 00E6A520, func 575C2419
audio    D          kcm_mixer.c:121  _al_rechannel_matrix             [   0.32236] sample matrix:
audio    D          kcm_mixer.c:127  _al_rechannel_matrix             [   0.32237] 
audio    D          kcm_mixer.c:127  _al_rechannel_matrix             [   0.32238] 
dtor     D               dtor.c:184  _al_register_destructor          [   0.32240] added dtor for object 00E6A738, func 575C2419
audio    D          kcm_mixer.c:121  _al_rechannel_matrix             [   0.32241] sample matrix:
audio    D          kcm_mixer.c:127  _al_rechannel_matrix             [   0.32242] 
audio    D          kcm_mixer.c:127  _al_rechannel_matrix             [   0.32243] 
dtor     D               dtor.c:184  _al_register_destructor          [   0.32244] added dtor for object 00E6A8D0, func 575C2419
audio    D          kcm_mixer.c:121  _al_rechannel_matrix             [   0.32245] sample matrix:
audio    D          kcm_mixer.c:127  _al_rechannel_matrix             [   0.32246] 
audio    D          kcm_mixer.c:127  _al_rechannel_matrix             [   0.32247] 
dtor     D               dtor.c:184  _al_register_destructor          [   0.32248] added dtor for object 00E6A9E8, func 575C2419
audio    D          kcm_mixer.c:121  _al_rechannel_matrix             [   0.32249] sample matrix:
audio    D          kcm_mixer.c:127  _al_rechannel_matrix             [   0.32250] 
audio    D          kcm_mixer.c:127  _al_rechannel_matrix             [   0.32251] 
dtor     D               dtor.c:184  _al_register_destructor          [   0.32252] added dtor for object 00E6AB00, func 575C2419
audio    D          kcm_mixer.c:121  _al_rechannel_matrix             [   0.32253] sample matrix:
audio    D          kcm_mixer.c:127  _al_rechannel_matrix             [   0.32254] 
audio    D          kcm_mixer.c:127  _al_rechannel_matrix             [   0.32255] 
dtor     D               dtor.c:184  _al_register_destructor          [   0.32256] added dtor for object 00E6AC58, func 575C2419
audio    D          kcm_mixer.c:121  _al_rechannel_matrix             [   0.32258] sample matrix:
audio    D          kcm_mixer.c:127  _al_rechannel_matrix             [   0.32259] 
audio    D          kcm_mixer.c:127  _al_rechannel_matrix             [   0.32260] 
dtor     D               dtor.c:184  _al_register_destructor          [   0.32261] added dtor for object 00E6ADB0, func 575C2419
audio    D          kcm_mixer.c:121  _al_rechannel_matrix             [   0.32262] sample matrix:
audio    D          kcm_mixer.c:127  _al_rechannel_matrix             [   0.32263] 
audio    D          kcm_mixer.c:127  _al_rechannel_matrix             [   0.32264] 
dtor     D               dtor.c:184  _al_register_destructor          [   0.32265] added dtor for object 00E6AF08, func 575C2419
audio    D          kcm_mixer.c:121  _al_rechannel_matrix             [   0.32266] sample matrix:
audio    D          kcm_mixer.c:127  _al_rechannel_matrix             [   0.32267] 
audio    D          kcm_mixer.c:127  _al_rechannel_matrix             [   0.32268] 
dtor     D               dtor.c:184  _al_register_destructor          [   0.32269] added dtor for object 00E6B160, func 575C2419
audio    D          kcm_mixer.c:121  _al_rechannel_matrix             [   0.32270] sample matrix:
audio    D          kcm_mixer.c:127  _al_rechannel_matrix             [   0.32271] 
audio    D          kcm_mixer.c:127  _al_rechannel_matrix             [   0.32272] 
dtor     D               dtor.c:184  _al_register_destructor          [   0.32273] added dtor for object 00E6B3F8, func 575C2419
audio    D          kcm_mixer.c:121  _al_rechannel_matrix             [   0.32275] sample matrix:
audio    D          kcm_mixer.c:127  _al_rechannel_matrix             [   0.32276] 
audio    D          kcm_mixer.c:127  _al_rechannel_matrix             [   0.32277] 
dtor     D               dtor.c:184  _al_register_destructor          [   0.32278] added dtor for object 00E6B510, func 575C2419
audio    D          kcm_mixer.c:121  _al_rechannel_matrix             [   0.32279] sample matrix:
audio    D          kcm_mixer.c:127  _al_rechannel_matrix             [   0.32280] 
audio    D          kcm_mixer.c:127  _al_rechannel_matrix             [   0.32281] 
dtor     D               dtor.c:184  _al_register_destructor          [   0.32282] added dtor for object 00E6B628, func 575C2419
audio    D          kcm_mixer.c:121  _al_rechannel_matrix             [   0.32283] sample matrix:
audio    D          kcm_mixer.c:127  _al_rechannel_matrix             [   0.32284] 
audio    D          kcm_mixer.c:127  _al_rechannel_matrix             [   0.32285] 
dtor     D               dtor.c:184  _al_register_destructor          [   0.32286] added dtor for object 00E6B740, func 575C2419
audio    D          kcm_mixer.c:121  _al_rechannel_matrix             [   0.32287] sample matrix:
audio    D          kcm_mixer.c:127  _al_rechannel_matrix             [   0.32288] 
audio    D          kcm_mixer.c:127  _al_rechannel_matrix             [   0.32289] 
dtor     D               dtor.c:184  _al_register_destructor          [   0.32290] added dtor for object 00E6B858, func 575C2419
audio    D          kcm_mixer.c:121  _al_rechannel_matrix             [   0.32291] sample matrix:
audio    D          kcm_mixer.c:127  _al_rechannel_matrix             [   0.32292] 
audio    D          kcm_mixer.c:127  _al_rechannel_matrix             [   0.32293] 
dtor     D               dtor.c:184  _al_register_destructor          [   0.32294] added dtor for object 00E6B9B0, func 575C2419
audio    D          kcm_mixer.c:121  _al_rechannel_matrix             [   0.32295] sample matrix:
audio    D          kcm_mixer.c:127  _al_rechannel_matrix             [   0.32296] 
audio    D          kcm_mixer.c:127  _al_rechannel_matrix             [   0.32297] 
dtor     D               dtor.c:184  _al_register_destructor          [   0.32298] added dtor for object 00E6BB08, func 575C2419
audio    D          kcm_mixer.c:121  _al_rechannel_matrix             [   0.32299] sample matrix:
audio    D          kcm_mixer.c:127  _al_rechannel_matrix             [   0.32300] 
audio    D          kcm_mixer.c:127  _al_rechannel_matrix             [   0.32301] 
dtor     D               dtor.c:184  _al_register_destructor          [   0.32302] added dtor for object 00E6BC60, func 575C2419
audio    D          kcm_mixer.c:121  _al_rechannel_matrix             [   0.32303] sample matrix:
audio    D          kcm_mixer.c:127  _al_rechannel_matrix             [   0.32304] 
audio    D          kcm_mixer.c:127  _al_rechannel_matrix             [   0.32305] 
dtor     D               dtor.c:184  _al_register_destructor          [   0.32306] added dtor for object 00E6BDB8, func 575C2419
audio    D          kcm_mixer.c:121  _al_rechannel_matrix             [   0.32307] sample matrix:
audio    D          kcm_mixer.c:127  _al_rechannel_matrix             [   0.32308] 
audio    D          kcm_mixer.c:127  _al_rechannel_matrix             [   0.32309] 
dtor     D               dtor.c:184  _al_register_destructor          [   0.32310] added dtor for object 00E6BF10, func 575C2419
audio    D          kcm_mixer.c:121  _al_rechannel_matrix             [   0.32311] sample matrix:
audio    D          kcm_mixer.c:127  _al_rechannel_matrix             [   0.32312] 
audio    D          kcm_mixer.c:127  _al_rechannel_matrix             [   0.32313] 
dtor     D               dtor.c:184  _al_register_destructor          [   0.32314] added dtor for object 00E6C068, func 575C2419
audio    D          kcm_mixer.c:121  _al_rechannel_matrix             [   0.32315] sample matrix:
audio    D          kcm_mixer.c:127  _al_rechannel_matrix             [   0.32316] 
audio    D          kcm_mixer.c:127  _al_rechannel_matrix             [   0.32317] 
dtor     D               dtor.c:184  _al_register_destructor          [   0.32318] added dtor for object 00E6C1C0, func 575C2419
audio    D          kcm_mixer.c:121  _al_rechannel_matrix             [   0.32319] sample matrix:
audio    D          kcm_mixer.c:127  _al_rechannel_matrix             [   0.32320] 
audio    D          kcm_mixer.c:127  _al_rechannel_matrix             [   0.32321] 
dtor     D               dtor.c:184  _al_register_destructor          [   0.32322] added dtor for object 00E6C318, func 575C2419
audio    D          kcm_mixer.c:121  _al_rechannel_matrix             [   0.32323] sample matrix:
audio    D          kcm_mixer.c:127  _al_rechannel_matrix             [   0.32324] 
audio    D          kcm_mixer.c:127  _al_rechannel_matrix             [   0.32325] 
dtor     D               dtor.c:184  _al_register_destructor          [   0.32326] added dtor for object 00E6C470, func 575C2419
audio    D          kcm_mixer.c:121  _al_rechannel_matrix             [   0.32327] sample matrix:
audio    D          kcm_mixer.c:127  _al_rechannel_matrix             [   0.32328] 
audio    D          kcm_mixer.c:127  _al_rechannel_matrix             [   0.32329] 
dtor     D               dtor.c:184  _al_register_destructor          [   0.32331] added dtor for object 00E6C5C8, func 575C2419
audio    D          kcm_mixer.c:121  _al_rechannel_matrix             [   0.32332] sample matrix:
audio    D          kcm_mixer.c:127  _al_rechannel_matrix             [   0.32333] 
audio    D          kcm_mixer.c:127  _al_rechannel_matrix             [   0.32334] 
dtor     D               dtor.c:184  _al_register_destructor          [   0.32335] added dtor for object 00E6C920, func 575C2419
audio    D          kcm_mixer.c:121  _al_rechannel_matrix             [   0.32336] sample matrix:
audio    D          kcm_mixer.c:127  _al_rechannel_matrix             [   0.32337] 
audio    D          kcm_mixer.c:127  _al_rechannel_matrix             [   0.32338] 
dtor     D               dtor.c:184  _al_register_destructor          [   0.32339] added dtor for object 00E6B0A0, func 575C27CF
